# JRE version: OpenJDK Runtime Environment Temurin-21.0.7+6 (21.0.7+6) (build 21.0.7+6-LTS)
# Java VM: OpenJDK 64-Bit Server VM Temurin-21.0.7+6 (21.0.7+6-LTS, mixed mode, sharing, tiered, compressed oops, compressed class ptrs, parallel gc, windows-amd64)
GC Precious Log:
 CardTable entry size: 512
 CPUs: 4 total, 4 available
 Memory: 4047M
 Large Page Support: Disabled
 NUMA Support: Disabled
 Compressed Oops: Enabled (32-bit)
 Alignments: Space 512K, Generation 512K, Heap 2M
 Heap Min Capacity: 100M
 Heap Initial Capacity: 100M
 Heap Max Capacity: 2G
 Pre-touch: Disabled
 Parallel Workers: 4
Heap:
 PSYoungGen      total 20480K, used 13624K [0x00000000d5580000, 0x00000000d7d00000, 0x0000000100000000)
  eden space 17408K, 65% used [0x00000000d5580000,0x00000000d609bd28,0x00000000d6680000)
  from space 3072K, 73% used [0x00000000d7700000,0x00000000d7932420,0x00000000d7a00000)
  to   space 2560K, 0% used [0x00000000d7a80000,0x00000000d7a80000,0x00000000d7d00000)
 ParOldGen       total 1370112K, used 947074K [0x0000000080000000, 0x00000000d3a00000, 0x00000000d5580000)
  object space 1370112K, 69% used [0x0000000080000000,0x00000000b9ce0aa0,0x00000000d3a00000)
 Metaspace       used 87126K, committed 89088K, reserved 1179648K
  class space    used 8727K, committed 9664K, reserved 1048576K
GC Heap History (20 events):
Event: 7113.669 GC heap before
{Heap before GC invocations=1183 (full 4):
 PSYoungGen      total 41472K, used 41415K [0x00000000d5580000, 0x00000000d9a80000, 0x0000000100000000)
  eden space 38912K, 99% used [0x00000000d5580000,0x00000000d7b76fb0,0x00000000d7b80000)
  from space 2560K, 99% used [0x00000000d8d80000,0x00000000d8ffad78,0x00000000d9000000)
  to   space 15872K, 0% used [0x00000000d7b80000,0x00000000d7b80000,0x00000000d8b00000)
 ParOldGen       total 1370112K, used 921575K [0x0000000080000000, 0x00000000d3a00000, 0x00000000d5580000)
  object space 1370112K, 67% used [0x0000000080000000,0x00000000b83f9c78,0x00000000d3a00000)
 Metaspace       used 87013K, committed 89024K, reserved 1179648K
  class space    used 8725K, committed 9664K, reserved 1048576K
}
Event: 7113.736 GC heap after
{Heap after GC invocations=1183 (full 4):
 PSYoungGen      total 52224K, used 13905K [0x00000000d5580000, 0x00000000d9780000, 0x0000000100000000)
  eden space 37888K, 0% used [0x00000000d5580000,0x00000000d5580000,0x00000000d7a80000)
  from space 14336K, 96% used [0x00000000d7b80000,0x00000000d8914560,0x00000000d8980000)
  to   space 14336K, 0% used [0x00000000d8980000,0x00000000d8980000,0x00000000d9780000)
 ParOldGen       total 1370112K, used 921671K [0x0000000080000000, 0x00000000d3a00000, 0x00000000d5580000)
  object space 1370112K, 67% used [0x0000000080000000,0x00000000b8411c88,0x00000000d3a00000)
 Metaspace       used 87013K, committed 89024K, reserved 1179648K
  class space    used 8725K, committed 9664K, reserved 1048576K
}
Event: 7118.745 GC heap before
{Heap before GC invocations=1184 (full 4):
 PSYoungGen      total 52224K, used 49422K [0x00000000d5580000, 0x00000000d9780000, 0x0000000100000000)
  eden space 37888K, 93% used [0x00000000d5580000,0x00000000d782f4a0,0x00000000d7a80000)
  from space 14336K, 96% used [0x00000000d7b80000,0x00000000d8914560,0x00000000d8980000)
  to   space 14336K, 0% used [0x00000000d8980000,0x00000000d8980000,0x00000000d9780000)
 ParOldGen       total 1370112K, used 921671K [0x0000000080000000, 0x00000000d3a00000, 0x00000000d5580000)
  object space 1370112K, 67% used [0x0000000080000000,0x00000000b8411c88,0x00000000d3a00000)
 Metaspace       used 87020K, committed 89024K, reserved 1179648K
  class space    used 8725K, committed 9664K, reserved 1048576K
}
Event: 7118.960 GC heap after
{Heap after GC invocations=1184 (full 4):
 PSYoungGen      total 31744K, used 14324K [0x00000000d5580000, 0x00000000dbf80000, 0x0000000100000000)
  eden space 17408K, 0% used [0x00000000d5580000,0x00000000d5580000,0x00000000d6680000)
  from space 14336K, 99% used [0x00000000d8980000,0x00000000d977d250,0x00000000d9780000)
  to   space 35840K, 0% used [0x00000000d6680000,0x00000000d6680000,0x00000000d8980000)
 ParOldGen       total 1370112K, used 939818K [0x0000000080000000, 0x00000000d3a00000, 0x00000000d5580000)
  object space 1370112K, 68% used [0x0000000080000000,0x00000000b95cabd8,0x00000000d3a00000)
 Metaspace       used 87020K, committed 89024K, reserved 1179648K
  class space    used 8725K, committed 9664K, reserved 1048576K
}
Event: 7119.096 GC heap before
{Heap before GC invocations=1185 (full 4):
 PSYoungGen      total 31744K, used 31732K [0x00000000d5580000, 0x00000000dbf80000, 0x0000000100000000)
  eden space 17408K, 100% used [0x00000000d5580000,0x00000000d6680000,0x00000000d6680000)
  from space 14336K, 99% used [0x00000000d8980000,0x00000000d977d250,0x00000000d9780000)
  to   space 35840K, 0% used [0x00000000d6680000,0x00000000d6680000,0x00000000d8980000)
 ParOldGen       total 1370112K, used 939818K [0x0000000080000000, 0x00000000d3a00000, 0x00000000d5580000)
  object space 1370112K, 68% used [0x0000000080000000,0x00000000b95cabd8,0x00000000d3a00000)
 Metaspace       used 87020K, committed 89024K, reserved 1179648K
  class space    used 8725K, committed 9664K, reserved 1048576K
}
Event: 7119.160 GC heap after
{Heap after GC invocations=1185 (full 4):
 PSYoungGen      total 18432K, used 884K [0x00000000d5580000, 0x00000000d8a00000, 0x0000000100000000)
  eden space 17408K, 0% used [0x00000000d5580000,0x00000000d5580000,0x00000000d6680000)
  from space 1024K, 86% used [0x00000000d6680000,0x00000000d675d200,0x00000000d6780000)
  to   space 12800K, 0% used [0x00000000d7d80000,0x00000000d7d80000,0x00000000d8a00000)
 ParOldGen       total 1370112K, used 942595K [0x0000000080000000, 0x00000000d3a00000, 0x00000000d5580000)
  object space 1370112K, 68% used [0x0000000080000000,0x00000000b9880e48,0x00000000d3a00000)
 Metaspace       used 87020K, committed 89024K, reserved 1179648K
  class space    used 8725K, committed 9664K, reserved 1048576K
}
Event: 7120.390 GC heap before
{Heap before GC invocations=1186 (full 4):
 PSYoungGen      total 18432K, used 18292K [0x00000000d5580000, 0x00000000d8a00000, 0x0000000100000000)
  eden space 17408K, 100% used [0x00000000d5580000,0x00000000d6680000,0x00000000d6680000)
  from space 1024K, 86% used [0x00000000d6680000,0x00000000d675d200,0x00000000d6780000)
  to   space 12800K, 0% used [0x00000000d7d80000,0x00000000d7d80000,0x00000000d8a00000)
 ParOldGen       total 1370112K, used 942595K [0x0000000080000000, 0x00000000d3a00000, 0x00000000d5580000)
  object space 1370112K, 68% used [0x0000000080000000,0x00000000b9880e48,0x00000000d3a00000)
 Metaspace       used 87040K, committed 89024K, reserved 1179648K
  class space    used 8725K, committed 9664K, reserved 1048576K
}
Event: 7120.402 GC heap after
{Heap after GC invocations=1186 (full 4):
 PSYoungGen      total 18432K, used 682K [0x00000000d5580000, 0x00000000d7e80000, 0x0000000100000000)
  eden space 17408K, 0% used [0x00000000d5580000,0x00000000d5580000,0x00000000d6680000)
  from space 1024K, 66% used [0x00000000d7d80000,0x00000000d7e2a910,0x00000000d7e80000)
  to   space 3072K, 0% used [0x00000000d7880000,0x00000000d7880000,0x00000000d7b80000)
 ParOldGen       total 1370112K, used 942707K [0x0000000080000000, 0x00000000d3a00000, 0x00000000d5580000)
  object space 1370112K, 68% used [0x0000000080000000,0x00000000b989ce48,0x00000000d3a00000)
 Metaspace       used 87040K, committed 89024K, reserved 1179648K
  class space    used 8725K, committed 9664K, reserved 1048576K
}
Event: 7129.028 GC heap before
{Heap before GC invocations=1187 (full 4):
 PSYoungGen      total 18432K, used 18090K [0x00000000d5580000, 0x00000000d7e80000, 0x0000000100000000)
  eden space 17408K, 100% used [0x00000000d5580000,0x00000000d6680000,0x00000000d6680000)
  from space 1024K, 66% used [0x00000000d7d80000,0x00000000d7e2a910,0x00000000d7e80000)
  to   space 3072K, 0% used [0x00000000d7880000,0x00000000d7880000,0x00000000d7b80000)
 ParOldGen       total 1370112K, used 942707K [0x0000000080000000, 0x00000000d3a00000, 0x00000000d5580000)
  object space 1370112K, 68% used [0x0000000080000000,0x00000000b989ce48,0x00000000d3a00000)
 Metaspace       used 87057K, committed 89024K, reserved 1179648K
  class space    used 8725K, committed 9664K, reserved 1048576K
}
Event: 7129.039 GC heap after
{Heap after GC invocations=1187 (full 4):
 PSYoungGen      total 20480K, used 388K [0x00000000d5580000, 0x00000000d7e00000, 0x0000000100000000)
  eden space 17408K, 0% used [0x00000000d5580000,0x00000000d5580000,0x00000000d6680000)
  from space 3072K, 12% used [0x00000000d7880000,0x00000000d78e1210,0x00000000d7b80000)
  to   space 1024K, 0% used [0x00000000d7d00000,0x00000000d7d00000,0x00000000d7e00000)
 ParOldGen       total 1370112K, used 942739K [0x0000000080000000, 0x00000000d3a00000, 0x00000000d5580000)
  object space 1370112K, 68% used [0x0000000080000000,0x00000000b98a4e48,0x00000000d3a00000)
 Metaspace       used 87057K, committed 89024K, reserved 1179648K
  class space    used 8725K, committed 9664K, reserved 1048576K
}
Event: 7162.259 GC heap before
{Heap before GC invocations=1188 (full 4):
 PSYoungGen      total 20480K, used 17796K [0x00000000d5580000, 0x00000000d7e00000, 0x0000000100000000)
  eden space 17408K, 100% used [0x00000000d5580000,0x00000000d6680000,0x00000000d6680000)
  from space 3072K, 12% used [0x00000000d7880000,0x00000000d78e1210,0x00000000d7b80000)
  to   space 1024K, 0% used [0x00000000d7d00000,0x00000000d7d00000,0x00000000d7e00000)
 ParOldGen       total 1370112K, used 942739K [0x0000000080000000, 0x00000000d3a00000, 0x00000000d5580000)
  object space 1370112K, 68% used [0x0000000080000000,0x00000000b98a4e48,0x00000000d3a00000)
 Metaspace       used 87071K, committed 89024K, reserved 1179648K
  class space    used 8726K, committed 9664K, reserved 1048576K
}
Event: 7162.281 GC heap after
{Heap after GC invocations=1188 (full 4):
 PSYoungGen      total 18432K, used 1001K [0x00000000d5580000, 0x00000000d7e00000, 0x0000000100000000)
  eden space 17408K, 0% used [0x00000000d5580000,0x00000000d5580000,0x00000000d6680000)
  from space 1024K, 97% used [0x00000000d7d00000,0x00000000d7dfa420,0x00000000d7e00000)
  to   space 1536K, 0% used [0x00000000d7b00000,0x00000000d7b00000,0x00000000d7c80000)
 ParOldGen       total 1370112K, used 942899K [0x0000000080000000, 0x00000000d3a00000, 0x00000000d5580000)
  object space 1370112K, 68% used [0x0000000080000000,0x00000000b98cce48,0x00000000d3a00000)
 Metaspace       used 87071K, committed 89024K, reserved 1179648K
  class space    used 8726K, committed 9664K, reserved 1048576K
}
Event: 7170.248 GC heap before
{Heap before GC invocations=1189 (full 4):
 PSYoungGen      total 18432K, used 18409K [0x00000000d5580000, 0x00000000d7e00000, 0x0000000100000000)
  eden space 17408K, 100% used [0x00000000d5580000,0x00000000d6680000,0x00000000d6680000)
  from space 1024K, 97% used [0x00000000d7d00000,0x00000000d7dfa420,0x00000000d7e00000)
  to   space 1536K, 0% used [0x00000000d7b00000,0x00000000d7b00000,0x00000000d7c80000)
 ParOldGen       total 1370112K, used 942899K [0x0000000080000000, 0x00000000d3a00000, 0x00000000d5580000)
  object space 1370112K, 68% used [0x0000000080000000,0x00000000b98cce48,0x00000000d3a00000)
 Metaspace       used 87100K, committed 89088K, reserved 1179648K
  class space    used 8726K, committed 9664K, reserved 1048576K
}
Event: 7170.262 GC heap after
{Heap after GC invocations=1189 (full 4):
 PSYoungGen      total 18944K, used 384K [0x00000000d5580000, 0x00000000d7d80000, 0x0000000100000000)
  eden space 17408K, 0% used [0x00000000d5580000,0x00000000d5580000,0x00000000d6680000)
  from space 1536K, 25% used [0x00000000d7b00000,0x00000000d7b60020,0x00000000d7c80000)
  to   space 1024K, 0% used [0x00000000d7c80000,0x00000000d7c80000,0x00000000d7d80000)
 ParOldGen       total 1370112K, used 943860K [0x0000000080000000, 0x00000000d3a00000, 0x00000000d5580000)
  object space 1370112K, 68% used [0x0000000080000000,0x00000000b99bd268,0x00000000d3a00000)
 Metaspace       used 87100K, committed 89088K, reserved 1179648K
  class space    used 8726K, committed 9664K, reserved 1048576K
}
Event: 7211.108 GC heap before
{Heap before GC invocations=1190 (full 4):
 PSYoungGen      total 18944K, used 17792K [0x00000000d5580000, 0x00000000d7d80000, 0x0000000100000000)
  eden space 17408K, 100% used [0x00000000d5580000,0x00000000d6680000,0x00000000d6680000)
  from space 1536K, 25% used [0x00000000d7b00000,0x00000000d7b60020,0x00000000d7c80000)
  to   space 1024K, 0% used [0x00000000d7c80000,0x00000000d7c80000,0x00000000d7d80000)
 ParOldGen       total 1370112K, used 943860K [0x0000000080000000, 0x00000000d3a00000, 0x00000000d5580000)
  object space 1370112K, 68% used [0x0000000080000000,0x00000000b99bd268,0x00000000d3a00000)
 Metaspace       used 87116K, committed 89088K, reserved 1179648K
  class space    used 8727K, committed 9664K, reserved 1048576K
}
Event: 7211.220 GC heap after
{Heap after GC invocations=1190 (full 4):
 PSYoungGen      total 18432K, used 842K [0x00000000d5580000, 0x00000000d7d80000, 0x0000000100000000)
  eden space 17408K, 0% used [0x00000000d5580000,0x00000000d5580000,0x00000000d6680000)
  from space 1024K, 82% used [0x00000000d7c80000,0x00000000d7d52910,0x00000000d7d80000)
  to   space 1024K, 0% used [0x00000000d7b80000,0x00000000d7b80000,0x00000000d7c80000)
 ParOldGen       total 1370112K, used 944108K [0x0000000080000000, 0x00000000d3a00000, 0x00000000d5580000)
  object space 1370112K, 68% used [0x0000000080000000,0x00000000b99fb298,0x00000000d3a00000)
 Metaspace       used 87116K, committed 89088K, reserved 1179648K
  class space    used 8727K, committed 9664K, reserved 1048576K
}
Event: 7216.528 GC heap before
{Heap before GC invocations=1191 (full 4):
 PSYoungGen      total 18432K, used 18250K [0x00000000d5580000, 0x00000000d7d80000, 0x0000000100000000)
  eden space 17408K, 100% used [0x00000000d5580000,0x00000000d6680000,0x00000000d6680000)
  from space 1024K, 82% used [0x00000000d7c80000,0x00000000d7d52910,0x00000000d7d80000)
  to   space 1024K, 0% used [0x00000000d7b80000,0x00000000d7b80000,0x00000000d7c80000)
 ParOldGen       total 1370112K, used 944108K [0x0000000080000000, 0x00000000d3a00000, 0x00000000d5580000)
  object space 1370112K, 68% used [0x0000000080000000,0x00000000b99fb298,0x00000000d3a00000)
 Metaspace       used 87121K, committed 89088K, reserved 1179648K
  class space    used 8727K, committed 9664K, reserved 1048576K
}
Event: 7216.563 GC heap after
{Heap after GC invocations=1191 (full 4):
 PSYoungGen      total 18432K, used 288K [0x00000000d5580000, 0x00000000d7d00000, 0x0000000100000000)
  eden space 17408K, 0% used [0x00000000d5580000,0x00000000d5580000,0x00000000d6680000)
  from space 1024K, 28% used [0x00000000d7b80000,0x00000000d7bc8000,0x00000000d7c80000)
  to   space 512K, 0% used [0x00000000d7c80000,0x00000000d7c80000,0x00000000d7d00000)
 ParOldGen       total 1370112K, used 944729K [0x0000000080000000, 0x00000000d3a00000, 0x00000000d5580000)
  object space 1370112K, 68% used [0x0000000080000000,0x00000000b9a964a8,0x00000000d3a00000)
 Metaspace       used 87121K, committed 89088K, reserved 1179648K
  class space    used 8727K, committed 9664K, reserved 1048576K
}
Event: 7311.838 GC heap before
{Heap before GC invocations=1192 (full 4):
 PSYoungGen      total 18432K, used 17696K [0x00000000d5580000, 0x00000000d7d00000, 0x0000000100000000)
  eden space 17408K, 100% used [0x00000000d5580000,0x00000000d6680000,0x00000000d6680000)
  from space 1024K, 28% used [0x00000000d7b80000,0x00000000d7bc8000,0x00000000d7c80000)
  to   space 512K, 0% used [0x00000000d7c80000,0x00000000d7c80000,0x00000000d7d00000)
 ParOldGen       total 1370112K, used 944729K [0x0000000080000000, 0x00000000d3a00000, 0x00000000d5580000)
  object space 1370112K, 68% used [0x0000000080000000,0x00000000b9a964a8,0x00000000d3a00000)
 Metaspace       used 87122K, committed 89088K, reserved 1179648K
  class space    used 8727K, committed 9664K, reserved 1048576K
}
Event: 7311.858 GC heap after
{Heap after GC invocations=1192 (full 4):
 PSYoungGen      total 17920K, used 506K [0x00000000d5580000, 0x00000000d7d00000, 0x0000000100000000)
  eden space 17408K, 0% used [0x00000000d5580000,0x00000000d5580000,0x00000000d6680000)
  from space 512K, 98% used [0x00000000d7c80000,0x00000000d7cfe900,0x00000000d7d00000)
  to   space 3072K, 0% used [0x00000000d7700000,0x00000000d7700000,0x00000000d7a00000)
 ParOldGen       total 1370112K, used 946562K [0x0000000080000000, 0x00000000d3a00000, 0x00000000d5580000)
  object space 1370112K, 69% used [0x0000000080000000,0x00000000b9c60880,0x00000000d3a00000)
 Metaspace       used 87122K, committed 89088K, reserved 1179648K
  class space    used 8727K, committed 9664K, reserved 1048576K
}

