# JRE version: OpenJDK Runtime Environment OpenLogic-OpenJDK (11.0.23+9) (build 11.0.23+9-adhoc..jdk11u)
# Java VM: OpenJDK 64-Bit Server VM OpenLogic-OpenJDK (11.0.23+9-adhoc..jdk11u, mixed mode, tiered, compressed oops, g1 gc, windows-amd64)
Heap:
 garbage-first heap   total 78848K, used 54941K [0x00000000c0c00000, 0x0000000100000000)
  region size 1024K, 34 young (34816K), 5 survivors (5120K)
 Metaspace       used 74739K, capacity 76719K, committed 76800K, reserved 1116160K
  class space    used 9393K, capacity 10183K, committed 10240K, reserved 1048576K
GC Heap History (20 events):
Event: 9.897 GC heap before
{Heap before GC invocations=8 (full 0):
 garbage-first heap   total 65536K, used 42586K [0x00000000c0c00000, 0x0000000100000000)
  region size 1024K, 36 young (36864K), 4 survivors (4096K)
 Metaspace       used 30424K, capacity 31199K, committed 31232K, reserved 1077248K
  class space    used 3522K, capacity 3807K, committed 3840K, reserved 1048576K
}
Event: 9.908 GC heap after
{Heap after GC invocations=9 (full 0):
 garbage-first heap   total 65536K, used 11555K [0x00000000c0c00000, 0x0000000100000000)
  region size 1024K, 4 young (4096K), 4 survivors (4096K)
 Metaspace       used 30424K, capacity 31199K, committed 31232K, reserved 1077248K
  class space    used 3522K, capacity 3807K, committed 3840K, reserved 1048576K
}
Event: 11.608 GC heap before
{Heap before GC invocations=9 (full 0):
 garbage-first heap   total 65536K, used 44323K [0x00000000c0c00000, 0x0000000100000000)
  region size 1024K, 36 young (36864K), 4 survivors (4096K)
 Metaspace       used 34198K, capacity 35092K, committed 35200K, reserved 1079296K
  class space    used 4051K, capacity 4414K, committed 4480K, reserved 1048576K
}
Event: 11.622 GC heap after
{Heap after GC invocations=10 (full 0):
 garbage-first heap   total 65536K, used 13245K [0x00000000c0c00000, 0x0000000100000000)
  region size 1024K, 4 young (4096K), 4 survivors (4096K)
 Metaspace       used 34198K, capacity 35092K, committed 35200K, reserved 1079296K
  class space    used 4051K, capacity 4414K, committed 4480K, reserved 1048576K
}
Event: 12.095 GC heap before
{Heap before GC invocations=10 (full 0):
 garbage-first heap   total 65536K, used 16317K [0x00000000c0c00000, 0x0000000100000000)
  region size 1024K, 8 young (8192K), 4 survivors (4096K)
 Metaspace       used 34830K, capacity 35786K, committed 35840K, reserved 1081344K
  class space    used 4121K, capacity 4454K, committed 4480K, reserved 1048576K
}
Event: 12.110 GC heap after
{Heap after GC invocations=11 (full 0):
 garbage-first heap   total 65536K, used 13637K [0x00000000c0c00000, 0x0000000100000000)
  region size 1024K, 3 young (3072K), 3 survivors (3072K)
 Metaspace       used 34830K, capacity 35786K, committed 35840K, reserved 1081344K
  class space    used 4121K, capacity 4454K, committed 4480K, reserved 1048576K
}
Event: 15.281 GC heap before
{Heap before GC invocations=12 (full 0):
 garbage-first heap   total 65536K, used 40261K [0x00000000c0c00000, 0x0000000100000000)
  region size 1024K, 29 young (29696K), 3 survivors (3072K)
 Metaspace       used 38941K, capacity 40065K, committed 40192K, reserved 1085440K
  class space    used 4639K, capacity 5072K, committed 5120K, reserved 1048576K
}
Event: 15.301 GC heap after
{Heap after GC invocations=13 (full 0):
 garbage-first heap   total 65536K, used 16021K [0x00000000c0c00000, 0x0000000100000000)
  region size 1024K, 3 young (3072K), 3 survivors (3072K)
 Metaspace       used 38941K, capacity 40065K, committed 40192K, reserved 1085440K
  class space    used 4639K, capacity 5072K, committed 5120K, reserved 1048576K
}
Event: 17.618 GC heap before
{Heap before GC invocations=13 (full 0):
 garbage-first heap   total 65536K, used 42645K [0x00000000c0c00000, 0x0000000100000000)
  region size 1024K, 29 young (29696K), 3 survivors (3072K)
 Metaspace       used 42811K, capacity 44056K, committed 44160K, reserved 1087488K
  class space    used 5183K, capacity 5675K, committed 5760K, reserved 1048576K
}
Event: 17.635 GC heap after
{Heap after GC invocations=14 (full 0):
 garbage-first heap   total 78848K, used 17172K [0x00000000c0c00000, 0x0000000100000000)
  region size 1024K, 2 young (2048K), 2 survivors (2048K)
 Metaspace       used 42811K, capacity 44056K, committed 44160K, reserved 1087488K
  class space    used 5183K, capacity 5675K, committed 5760K, reserved 1048576K
}
Event: 23.261 GC heap before
{Heap before GC invocations=14 (full 0):
 garbage-first heap   total 78848K, used 50964K [0x00000000c0c00000, 0x0000000100000000)
  region size 1024K, 35 young (35840K), 2 survivors (2048K)
 Metaspace       used 53201K, capacity 54501K, committed 54784K, reserved 1097728K
  class space    used 6600K, capacity 7114K, committed 7168K, reserved 1048576K
}
Event: 23.277 GC heap after
{Heap after GC invocations=15 (full 0):
 garbage-first heap   total 78848K, used 20223K [0x00000000c0c00000, 0x0000000100000000)
  region size 1024K, 5 young (5120K), 5 survivors (5120K)
 Metaspace       used 53201K, capacity 54501K, committed 54784K, reserved 1097728K
  class space    used 6600K, capacity 7114K, committed 7168K, reserved 1048576K
}
Event: 26.285 GC heap before
{Heap before GC invocations=15 (full 0):
 garbage-first heap   total 78848K, used 45823K [0x00000000c0c00000, 0x0000000100000000)
  region size 1024K, 31 young (31744K), 5 survivors (5120K)
 Metaspace       used 58417K, capacity 59779K, committed 59904K, reserved 1101824K
  class space    used 7299K, capacity 7826K, committed 7936K, reserved 1048576K
}
Event: 26.314 GC heap after
{Heap after GC invocations=16 (full 0):
 garbage-first heap   total 78848K, used 21784K [0x00000000c0c00000, 0x0000000100000000)
  region size 1024K, 2 young (2048K), 2 survivors (2048K)
 Metaspace       used 58417K, capacity 59779K, committed 59904K, reserved 1101824K
  class space    used 7299K, capacity 7826K, committed 7936K, reserved 1048576K
}
Event: 29.550 GC heap before
{Heap before GC invocations=17 (full 0):
 garbage-first heap   total 78848K, used 55576K [0x00000000c0c00000, 0x0000000100000000)
  region size 1024K, 35 young (35840K), 2 survivors (2048K)
 Metaspace       used 64207K, capacity 65863K, committed 65920K, reserved 1105920K
  class space    used 8149K, capacity 8807K, committed 8832K, reserved 1048576K
}
Event: 29.562 GC heap after
{Heap after GC invocations=18 (full 0):
 garbage-first heap   total 78848K, used 23155K [0x00000000c0c00000, 0x0000000100000000)
  region size 1024K, 3 young (3072K), 3 survivors (3072K)
 Metaspace       used 64207K, capacity 65863K, committed 65920K, reserved 1105920K
  class space    used 8149K, capacity 8807K, committed 8832K, reserved 1048576K
}
Event: 31.391 GC heap before
{Heap before GC invocations=18 (full 0):
 garbage-first heap   total 78848K, used 57971K [0x00000000c0c00000, 0x0000000100000000)
  region size 1024K, 37 young (37888K), 3 survivors (3072K)
 Metaspace       used 67209K, capacity 68962K, committed 69248K, reserved 1110016K
  class space    used 8552K, capacity 9258K, committed 9344K, reserved 1048576K
}
Event: 31.412 GC heap after
{Heap after GC invocations=19 (full 0):
 garbage-first heap   total 78848K, used 25260K [0x00000000c0c00000, 0x0000000100000000)
  region size 1024K, 4 young (4096K), 4 survivors (4096K)
 Metaspace       used 67209K, capacity 68962K, committed 69248K, reserved 1110016K
  class space    used 8552K, capacity 9258K, committed 9344K, reserved 1048576K
}
Event: 201.026 GC heap before
{Heap before GC invocations=19 (full 0):
 garbage-first heap   total 78848K, used 58028K [0x00000000c0c00000, 0x0000000100000000)
  region size 1024K, 37 young (37888K), 4 survivors (4096K)
 Metaspace       used 72936K, capacity 74819K, committed 75136K, reserved 1114112K
  class space    used 9226K, capacity 9990K, committed 10112K, reserved 1048576K
}
Event: 201.041 GC heap after
{Heap after GC invocations=20 (full 0):
 garbage-first heap   total 78848K, used 27293K [0x00000000c0c00000, 0x0000000100000000)
  region size 1024K, 5 young (5120K), 5 survivors (5120K)
 Metaspace       used 72936K, capacity 74819K, committed 75136K, reserved 1114112K
  class space    used 9226K, capacity 9990K, committed 10112K, reserved 1048576K
}

